<?xml version="1.0" encoding="UTF-8"?>
<testng-results skipped="0" failed="0" ignored="0" total="1" passed="1">
  <reporter-output>
  </reporter-output>
  <suite name="Primera Suite" duration-ms="23162" started-at="2018-10-27T17:02:55Z" finished-at="2018-10-27T17:03:18Z">
    <groups>
    </groups>
    <test name="Login" duration-ms="23162" started-at="2018-10-27T17:02:55Z" finished-at="2018-10-27T17:03:18Z">
      <class name="test.LoginMyStoreTest">
        <test-method status="PASS" signature="abrirNavegador(java.lang.String)[pri:0, instance:test.LoginMyStoreTest@36f6e879]" name="abrirNavegador" is-config="true" duration-ms="5138" started-at="2018-10-27T17:02:55Z" finished-at="2018-10-27T17:03:00Z">
          <params>
            <param index="0">
              <value>
                <![CDATA[chrome]]>
              </value>
            </param>
          </params>
          <reporter-output>
          </reporter-output>
        </test-method> <!-- abrirNavegador -->
        <test-method status="PASS" signature="hacerLogin()[pri:0, instance:test.LoginMyStoreTest@36f6e879]" name="hacerLogin" duration-ms="16883" started-at="2018-10-27T17:03:00Z" finished-at="2018-10-27T17:03:17Z">
          <reporter-output>
          </reporter-output>
        </test-method> <!-- hacerLogin -->
        <test-method status="PASS" signature="cerrarNavegador()[pri:0, instance:test.LoginMyStoreTest@36f6e879]" name="cerrarNavegador" is-config="true" duration-ms="1125" started-at="2018-10-27T17:03:17Z" finished-at="2018-10-27T17:03:18Z">
          <reporter-output>
          </reporter-output>
        </test-method> <!-- cerrarNavegador -->
      </class> <!-- test.LoginMyStoreTest -->
    </test> <!-- Login -->
  </suite> <!-- Primera Suite -->
</testng-results>
